SF:lib/src/core/exceptions/app_exception.dart
DA:2,1
DA:5,0
DA:6,0
DA:10,1
DA:11,1
DA:16,1
DA:17,1
LF:7
LH:5
end_of_record
SF:lib/src/data/data_sources/dog_data_source.dart
DA:9,1
DA:11,1
DA:13,1
DA:15,1
DA:18,1
DA:19,1
DA:20,1
DA:22,5
DA:25,1
DA:26,3
DA:28,2
DA:34,2
DA:39,2
LF:13
LH:13
end_of_record
SF:lib/src/data/models/dog/dog.dart
DA:7,2
DA:9,0
DA:11,1
DA:12,3
DA:16,2
DA:17,6
DA:18,1
LF:7
LH:6
end_of_record
SF:lib/src/data/repositories/dog_repository.dart
DA:8,1
DA:10,1
DA:11,2
DA:12,1
DA:13,1
DA:17,1
DA:18,2
DA:19,1
LF:8
LH:8
end_of_record
